<?xml version="1.0" encoding="UTF-8"?>
<testng-results skipped="0" failed="0" ignored="0" total="5" passed="5">
  <reporter-output>
  </reporter-output>
  <suite name="Default suite" duration-ms="17881" started-at="2019-02-04T04:24:34Z" finished-at="2019-02-04T04:24:52Z">
    <groups>
    </groups>
    <test name="Default test" duration-ms="17881" started-at="2019-02-04T04:24:34Z" finished-at="2019-02-04T04:24:52Z">
      <class name="retailfunctionaltest.OrderTest">
        <test-method status="PASS" signature="setUpBeforeClass()[pri:0, instance:retailfunctionaltest.OrderTest@6f7fd0e6]" name="setUpBeforeClass" is-config="true" duration-ms="21" started-at="2019-02-04T04:24:34Z" finished-at="2019-02-04T04:24:34Z">
          <reporter-output>
          </reporter-output>
        </test-method> <!-- setUpBeforeClass -->
        <test-method status="PASS" signature="setUp()[pri:0, instance:retailfunctionaltest.OrderTest@6f7fd0e6]" name="setUp" duration-ms="6939" started-at="2019-02-04T04:24:34Z" finished-at="2019-02-04T04:24:41Z">
          <reporter-output>
          </reporter-output>
        </test-method> <!-- setUp -->
        <test-method status="PASS" signature="loginuser()[pri:1, instance:retailfunctionaltest.OrderTest@6f7fd0e6]" name="loginuser" duration-ms="5396" started-at="2019-02-04T04:24:41Z" finished-at="2019-02-04T04:24:46Z">
          <reporter-output>
          </reporter-output>
        </test-method> <!-- loginuser -->
        <test-method status="PASS" signature="selectesales()[pri:2, instance:retailfunctionaltest.OrderTest@6f7fd0e6]" name="selectesales" duration-ms="108" started-at="2019-02-04T04:24:46Z" finished-at="2019-02-04T04:24:47Z">
          <reporter-output>
          </reporter-output>
        </test-method> <!-- selectesales -->
        <test-method status="PASS" signature="selectorder()[pri:3, instance:retailfunctionaltest.OrderTest@6f7fd0e6]" name="selectorder" duration-ms="3315" started-at="2019-02-04T04:24:47Z" finished-at="2019-02-04T04:24:50Z">
          <reporter-output>
          </reporter-output>
        </test-method> <!-- selectorder -->
        <test-method status="PASS" signature="generateinvoice()[pri:4, instance:retailfunctionaltest.OrderTest@6f7fd0e6]" name="generateinvoice" duration-ms="76" started-at="2019-02-04T04:24:50Z" finished-at="2019-02-04T04:24:50Z">
          <reporter-output>
          </reporter-output>
        </test-method> <!-- generateinvoice -->
        <test-method status="PASS" signature="tearDown()[pri:0, instance:retailfunctionaltest.OrderTest@6f7fd0e6]" name="tearDown" is-config="true" duration-ms="1982" started-at="2019-02-04T04:24:50Z" finished-at="2019-02-04T04:24:52Z">
          <reporter-output>
          </reporter-output>
        </test-method> <!-- tearDown -->
      </class> <!-- retailfunctionaltest.OrderTest -->
    </test> <!-- Default test -->
  </suite> <!-- Default suite -->
</testng-results>
