<?xml version="1.0" encoding="UTF-8"?>
<testng-results skipped="0" failed="0" ignored="0" total="2" passed="2">
  <reporter-output>
  </reporter-output>
  <suite name="Default suite" duration-ms="12473" started-at="2019-01-25T04:25:06Z" finished-at="2019-01-25T04:25:18Z">
    <groups>
    </groups>
    <test name="Default test" duration-ms="12473" started-at="2019-01-25T04:25:06Z" finished-at="2019-01-25T04:25:18Z">
      <class name="retailfunctionaltest.retaillogintest">
        <test-method status="PASS" signature="setUpBeforeClass()[pri:0, instance:retailfunctionaltest.retaillogintest@6f7fd0e6]" name="setUpBeforeClass" is-config="true" duration-ms="18" started-at="2019-01-25T04:25:06Z" finished-at="2019-01-25T04:25:06Z">
          <reporter-output>
          </reporter-output>
        </test-method> <!-- setUpBeforeClass -->
        <test-method status="PASS" signature="setUp()[pri:0, instance:retailfunctionaltest.retaillogintest@6f7fd0e6]" name="setUp" duration-ms="5515" started-at="2019-01-25T04:25:06Z" finished-at="2019-01-25T04:25:12Z">
          <reporter-output>
          </reporter-output>
        </test-method> <!-- setUp -->
        <test-method status="PASS" signature="validLoginTest()[pri:1, instance:retailfunctionaltest.retaillogintest@6f7fd0e6]" name="validLoginTest" duration-ms="1969" started-at="2019-01-25T04:25:12Z" finished-at="2019-01-25T04:25:14Z">
          <reporter-output>
          </reporter-output>
        </test-method> <!-- validLoginTest -->
        <test-method status="PASS" signature="teardown()[pri:0, instance:retailfunctionaltest.retaillogintest@6f7fd0e6]" name="teardown" is-config="true" duration-ms="4931" started-at="2019-01-25T04:25:14Z" finished-at="2019-01-25T04:25:18Z">
          <reporter-output>
          </reporter-output>
        </test-method> <!-- teardown -->
      </class> <!-- retailfunctionaltest.retaillogintest -->
    </test> <!-- Default test -->
  </suite> <!-- Default suite -->
</testng-results>
